c:\users\speego\desktop\snake\snake\release\vc120.pdb
c:\users\speego\desktop\snake\snake\release\rendermanager.obj
c:\users\speego\desktop\snake\snake\release\point.obj
c:\users\speego\desktop\snake - copy\snake\release\vc120.pdb
c:\users\speego\desktop\snake - copy\snake\release\utilities.obj
c:\users\speego\desktop\snake - copy\snake\release\point.obj
c:\users\speego\desktop\snake - copy\snake\release\main.obj
c:\users\speego\desktop\snake - copy\snake\release\shader.obj
c:\users\speego\desktop\snake - copy\snake\release\rendermanager.obj
c:\users\speego\desktop\snake - copy\snake\release\floor.obj
c:\users\speego\desktop\snake - copy\snake\release\camera.obj
c:\users\speego\desktop\snake - copy\snake\release\ground.obj
c:\users\speego\desktop\snake\snake\release\ground.obj
c:\users\speego\desktop\snake\snake\release\shader.obj
c:\users\speego\desktop\snake\snake\release\main.obj
c:\users\speego\desktop\snake\snake\release\camera.obj
c:\users\bartosz\documents\snakeopengl\snake\release\vc140.pdb
c:\users\bartosz\documents\snakeopengl\snake\release\ground.obj
c:\users\bartosz\documents\snakeopengl\snake\release\shader.obj
c:\users\bartosz\documents\snakeopengl\snake\release\rendermanager.obj
c:\users\bartosz\documents\snakeopengl\snake\release\main.obj
c:\users\bartosz\documents\snakeopengl\snake\release\camera.obj
c:\users\speego\desktop\snake - copy\release\snake.exe
c:\users\speego\desktop\snake - copy\release\snake.pdb
c:\users\speego\desktop\snake\release\snake.exe
c:\users\speego\desktop\snake\release\snake.pdb
c:\users\bartosz\documents\snakeopengl\snake\release\floor.obj
c:\users\bartosz\documents\snakeopengl\snake\release\point.obj
c:\users\bartosz\documents\snakeopengl\snake\release\utilities.obj
c:\users\bartosz\documents\snakeopengl\snake\release\vc120.pdb
c:\users\bartosz\documents\snakeopengl\release\snake.pdb
c:\users\bartosz\documents\snakeopengl\snake\release\snake.tlog\cl.command.1.tlog
c:\users\bartosz\documents\snakeopengl\snake\release\snake.tlog\cl.read.1.tlog
c:\users\bartosz\documents\snakeopengl\snake\release\snake.tlog\cl.write.1.tlog
c:\users\bartosz\documents\snakeopengl\snake\release\snake.tlog\link.command.1.tlog
c:\users\bartosz\documents\snakeopengl\snake\release\snake.tlog\link.read.1.tlog
c:\users\bartosz\documents\snakeopengl\snake\release\snake.tlog\link.write.1.tlog
