Build started 2016-10-02 13:20:32.
     1>Project "C:\Users\Bartosz\Documents\SnakeOpenGL\Snake\Snake.vcxproj" on node 2 (Build target(s)).
     1>ClCompile:
         D:\Programy\Microsoft Visual Studio 12.0\VC\bin\CL.exe /c /ZI /nologo /W3 /WX- /sdl /Od /Oy- /D WIN32 /D _DEBUG /D _CONSOLE /D _LIB /D NDEBUG /D _UNICODE /D UNICODE /Gm /EHsc /RTC1 /MDd /GS /fp:precise /Zc:wchar_t /Zc:forScope /Fo"Debug\\" /Fd"Debug\vc120.pdb" /Gd /TP /analyze- /errorReport:prompt Cube.cpp Ground.cpp RenderManager.cpp Shader.cpp Snake.cpp Space.cpp main.cpp
         Shader.cpp
         Generating Code...
         Compiling...
         Space.cpp
         Snake.cpp
         Ground.cpp
         Cube.cpp
         Generating Code...
         Skipping... (no relevant changes detected)
         main.cpp
         RenderManager.cpp
       Link:
         D:\Programy\Microsoft Visual Studio 12.0\VC\bin\link.exe /ERRORREPORT:PROMPT /OUT:"C:\Users\Bartosz\Documents\SnakeOpenGL\Debug\Snake.exe" /INCREMENTAL /NOLOGO opengl32.lib freeglut.lib glew32s.lib glfw3.lib SOIL.lib kernel32.lib user32.lib gdi32.lib winspool.lib comdlg32.lib advapi32.lib shell32.lib ole32.lib oleaut32.lib uuid.lib odbc32.lib odbccp32.lib /MANIFEST /MANIFESTUAC:"level='asInvoker' uiAccess='false'" /manifest:embed /DEBUG /PDB:"C:\Users\Bartosz\Documents\SnakeOpenGL\Debug\Snake.pdb" /SUBSYSTEM:CONSOLE /TLBID:1 /DYNAMICBASE /NXCOMPAT /IMPLIB:"C:\Users\Bartosz\Documents\SnakeOpenGL\Debug\Snake.lib" /MACHINE:X86 Debug\Camera.obj
         Debug\main.obj
         Debug\RenderManager.obj
         Debug\Shader.obj
         Debug\Ground.obj
         Debug\Cube.obj
         Debug\Snake.obj
         Debug\Space.obj
     1>LINK : warning LNK4098: defaultlib 'LIBCMT' conflicts with use of other libs; use /NODEFAULTLIB:library
     1>LINK : warning LNK4098: defaultlib 'MSVCRT' conflicts with use of other libs; use /NODEFAULTLIB:library
     1>Shader.obj : warning LNK4049: locally defined symbol ___glewAttachShader imported
     1>Shader.obj : warning LNK4049: locally defined symbol ___glewCompileShader imported
     1>Shader.obj : warning LNK4049: locally defined symbol ___glewCreateProgram imported
     1>Shader.obj : warning LNK4049: locally defined symbol ___glewCreateShader imported
     1>Shader.obj : warning LNK4049: locally defined symbol ___glewDeleteShader imported
     1>Shader.obj : warning LNK4049: locally defined symbol ___glewGetProgramInfoLog imported
     1>Shader.obj : warning LNK4049: locally defined symbol ___glewGetProgramiv imported
     1>Shader.obj : warning LNK4049: locally defined symbol ___glewGetShaderInfoLog imported
     1>Shader.obj : warning LNK4049: locally defined symbol ___glewGetShaderiv imported
     1>Shader.obj : warning LNK4049: locally defined symbol ___glewLinkProgram imported
     1>Shader.obj : warning LNK4049: locally defined symbol ___glewShaderSource imported
     1>Shader.obj : warning LNK4049: locally defined symbol ___glewUseProgram imported
     1>Ground.obj : warning LNK4049: locally defined symbol ___glewBindBuffer imported
     1>Cube.obj : warning LNK4217: locally defined symbol ___glewBindBuffer imported in function "void __cdecl std::_Debug_pointer<char>(char const *,wchar_t const *,unsigned int)" (??$_Debug_pointer@D@std@@YAXPBDPB_WI@Z)
     1>Snake.obj : warning LNK4049: locally defined symbol ___glewBindBuffer imported
     1>Space.obj : warning LNK4049: locally defined symbol ___glewBindBuffer imported
     1>Ground.obj : warning LNK4049: locally defined symbol ___glewBufferData imported
     1>Cube.obj : warning LNK4049: locally defined symbol ___glewBufferData imported
     1>Snake.obj : warning LNK4049: locally defined symbol ___glewBufferData imported
     1>Space.obj : warning LNK4049: locally defined symbol ___glewBufferData imported
     1>Ground.obj : warning LNK4049: locally defined symbol ___glewDeleteBuffers imported
     1>Cube.obj : warning LNK4049: locally defined symbol ___glewDeleteBuffers imported
     1>Snake.obj : warning LNK4049: locally defined symbol ___glewDeleteBuffers imported
     1>Space.obj : warning LNK4049: locally defined symbol ___glewDeleteBuffers imported
     1>Ground.obj : warning LNK4049: locally defined symbol ___glewGenBuffers imported
     1>Cube.obj : warning LNK4049: locally defined symbol ___glewGenBuffers imported
     1>Snake.obj : warning LNK4049: locally defined symbol ___glewGenBuffers imported
     1>Space.obj : warning LNK4049: locally defined symbol ___glewGenBuffers imported
     1>Ground.obj : warning LNK4049: locally defined symbol ___glewEnableVertexAttribArray imported
     1>Cube.obj : warning LNK4049: locally defined symbol ___glewEnableVertexAttribArray imported
     1>Snake.obj : warning LNK4049: locally defined symbol ___glewEnableVertexAttribArray imported
     1>Space.obj : warning LNK4049: locally defined symbol ___glewEnableVertexAttribArray imported
     1>Ground.obj : warning LNK4049: locally defined symbol ___glewGetUniformLocation imported
     1>Cube.obj : warning LNK4049: locally defined symbol ___glewGetUniformLocation imported
     1>Snake.obj : warning LNK4049: locally defined symbol ___glewGetUniformLocation imported
     1>Space.obj : warning LNK4049: locally defined symbol ___glewGetUniformLocation imported
     1>Ground.obj : warning LNK4049: locally defined symbol ___glewUniformMatrix4fv imported
     1>Cube.obj : warning LNK4049: locally defined symbol ___glewUniformMatrix4fv imported
     1>Snake.obj : warning LNK4049: locally defined symbol ___glewUniformMatrix4fv imported
     1>Space.obj : warning LNK4049: locally defined symbol ___glewUniformMatrix4fv imported
     1>Ground.obj : warning LNK4049: locally defined symbol ___glewVertexAttribPointer imported
     1>Cube.obj : warning LNK4049: locally defined symbol ___glewVertexAttribPointer imported
     1>Snake.obj : warning LNK4049: locally defined symbol ___glewVertexAttribPointer imported
     1>Space.obj : warning LNK4049: locally defined symbol ___glewVertexAttribPointer imported
     1>Ground.obj : warning LNK4049: locally defined symbol ___glewGenerateMipmap imported
     1>Cube.obj : warning LNK4049: locally defined symbol ___glewGenerateMipmap imported
     1>Snake.obj : warning LNK4049: locally defined symbol ___glewGenerateMipmap imported
     1>Space.obj : warning LNK4049: locally defined symbol ___glewGenerateMipmap imported
     1>Ground.obj : warning LNK4049: locally defined symbol ___glewBindVertexArray imported
     1>Cube.obj : warning LNK4049: locally defined symbol ___glewBindVertexArray imported
     1>Snake.obj : warning LNK4049: locally defined symbol ___glewBindVertexArray imported
     1>Space.obj : warning LNK4049: locally defined symbol ___glewBindVertexArray imported
     1>Ground.obj : warning LNK4049: locally defined symbol ___glewDeleteVertexArrays imported
     1>Cube.obj : warning LNK4049: locally defined symbol ___glewDeleteVertexArrays imported
     1>Snake.obj : warning LNK4049: locally defined symbol ___glewDeleteVertexArrays imported
     1>Space.obj : warning LNK4049: locally defined symbol ___glewDeleteVertexArrays imported
     1>Ground.obj : warning LNK4049: locally defined symbol ___glewGenVertexArrays imported
     1>Cube.obj : warning LNK4049: locally defined symbol ___glewGenVertexArrays imported
     1>Snake.obj : warning LNK4049: locally defined symbol ___glewGenVertexArrays imported
     1>Space.obj : warning LNK4049: locally defined symbol ___glewGenVertexArrays imported
     1>Cube.obj : warning LNK4049: locally defined symbol ___glewUniform3f imported
     1>glew32s.lib(glew.obj) : warning LNK4099: PDB 'vc120.pdb' was not found with 'glew32s.lib(glew.obj)' or at 'C:\Users\Bartosz\Documents\SnakeOpenGL\Debug\vc120.pdb'; linking object as if no debug info
     1>SOIL.lib(image_DXT.obj) : warning LNK4099: PDB 'vc120.pdb' was not found with 'SOIL.lib(image_DXT.obj)' or at 'C:\Users\Bartosz\Documents\SnakeOpenGL\Debug\vc120.pdb'; linking object as if no debug info
     1>SOIL.lib(image_helper.obj) : warning LNK4099: PDB 'vc120.pdb' was not found with 'SOIL.lib(image_helper.obj)' or at 'C:\Users\Bartosz\Documents\SnakeOpenGL\Debug\vc120.pdb'; linking object as if no debug info
     1>SOIL.lib(SOIL.obj) : warning LNK4099: PDB 'vc120.pdb' was not found with 'SOIL.lib(SOIL.obj)' or at 'C:\Users\Bartosz\Documents\SnakeOpenGL\Debug\vc120.pdb'; linking object as if no debug info
     1>SOIL.lib(stb_image_aug.obj) : warning LNK4099: PDB 'vc120.pdb' was not found with 'SOIL.lib(stb_image_aug.obj)' or at 'C:\Users\Bartosz\Documents\SnakeOpenGL\Debug\vc120.pdb'; linking object as if no debug info
         Snake.vcxproj -> C:\Users\Bartosz\Documents\SnakeOpenGL\Debug\Snake.exe
     1>Done Building Project "C:\Users\Bartosz\Documents\SnakeOpenGL\Snake\Snake.vcxproj" (Build target(s)).

Build succeeded.

Time Elapsed 00:00:04.42
